unityLibrary/build/intermediates/manifest_merge_blame_file/debug/manifest-merger-blame-debug-report.txt
1<?xml version="1.0" encoding="utf-8"?>
2<!-- GENERATED BY UNITY. REMOVE THIS COMMENT TO PREVENT OVERWRITING WHEN EXPORTING AGAIN -->
3<manifest xmlns:android="http://schemas.android.com/apk/res/android"
4    xmlns:tools="http://schemas.android.com/tools"
5    package="com.unity3d.player"
6    android:versionCode="1"
7    android:versionName="0.1" >
8
9    <uses-sdk
10        android:minSdkVersion="22"
10-->src/main/AndroidManifest.xml
11        android:targetSdkVersion="28" />
11-->src/main/AndroidManifest.xml
12
13    <uses-feature android:glEsVersion="0x00020000" />
13-->src/main/AndroidManifest.xml:29:3-52
13-->src/main/AndroidManifest.xml:29:17-49
14
15    <uses-permission android:name="android.permission.INTERNET" />
15-->src/main/AndroidManifest.xml:30:3-65
15-->src/main/AndroidManifest.xml:30:20-62
16    <uses-permission android:name="android.permission.CAMERA" />
16-->src/main/AndroidManifest.xml:31:3-63
16-->src/main/AndroidManifest.xml:31:20-60
17
18    <uses-feature
18-->src/main/AndroidManifest.xml:32:3-83
19        android:name="android.hardware.camera"
19-->src/main/AndroidManifest.xml:32:17-55
20        android:required="false" />
20-->src/main/AndroidManifest.xml:32:56-80
21    <uses-feature
21-->src/main/AndroidManifest.xml:33:3-93
22        android:name="android.hardware.camera.autofocus"
22-->src/main/AndroidManifest.xml:33:17-65
23        android:required="false" />
23-->src/main/AndroidManifest.xml:33:66-90
24    <uses-feature
24-->src/main/AndroidManifest.xml:34:3-89
25        android:name="android.hardware.camera.front"
25-->src/main/AndroidManifest.xml:34:17-61
26        android:required="false" />
26-->src/main/AndroidManifest.xml:34:62-86
27
28    <uses-permission android:name="android.permission.WRITE_EXTERNAL_STORAGE" />
28-->src/main/AndroidManifest.xml:35:3-79
28-->src/main/AndroidManifest.xml:35:20-76
29
30    <uses-feature
30-->src/main/AndroidManifest.xml:36:3-88
31        android:name="android.hardware.touchscreen"
31-->src/main/AndroidManifest.xml:36:17-60
32        android:required="false" />
32-->src/main/AndroidManifest.xml:36:61-85
33    <uses-feature
33-->src/main/AndroidManifest.xml:37:3-99
34        android:name="android.hardware.touchscreen.multitouch"
34-->src/main/AndroidManifest.xml:37:17-71
35        android:required="false" />
35-->src/main/AndroidManifest.xml:37:72-96
36    <uses-feature
36-->src/main/AndroidManifest.xml:38:3-108
37        android:name="android.hardware.touchscreen.multitouch.distinct"
37-->src/main/AndroidManifest.xml:38:17-80
38        android:required="false" />
38-->src/main/AndroidManifest.xml:38:81-105
39
40    <application>
40-->src/main/AndroidManifest.xml:4:3-28:17
41        <activity
41-->src/main/AndroidManifest.xml:5:5-24:16
42            android:name="com.unity3d.player.UnityPlayerActivity"
42-->src/main/AndroidManifest.xml:6:9-62
43            android:allowBackup="false"
43-->src/main/AndroidManifest.xml:10:9-36
44            android:configChanges="mcc|mnc|locale|touchscreen|keyboard|keyboardHidden|navigation|orientation|screenLayout|uiMode|screenSize|smallestScreenSize|fontScale|layoutDirection|density"
44-->src/main/AndroidManifest.xml:12:9-190
45            android:hardwareAccelerated="false"
45-->src/main/AndroidManifest.xml:13:9-44
46            android:launchMode="singleTask"
46-->src/main/AndroidManifest.xml:9:9-40
47            android:screenOrientation="portrait"
47-->src/main/AndroidManifest.xml:8:9-45
48            android:theme="@style/UnityThemeSelector"
48-->src/main/AndroidManifest.xml:7:9-50
49            tools:replace="android:allowBackup" >
49-->src/main/AndroidManifest.xml:11:9-44
50
51            <!--
52      <intent-filter>
53        <action android:name="android.intent.action.MAIN" />
54        <category android:name="android.intent.category.LAUNCHER" />
55      </intent-filter>
56            -->
57            <meta-data
57-->src/main/AndroidManifest.xml:20:7-82
58                android:name="unityplayer.UnityActivity"
58-->src/main/AndroidManifest.xml:20:18-58
59                android:value="true" />
59-->src/main/AndroidManifest.xml:20:59-79
60            <meta-data
60-->src/main/AndroidManifest.xml:21:9-23:15
61                android:name="unityplayer.ForwardNativeEventsToDalvik"
61-->src/main/AndroidManifest.xml:22:13-67
62                android:value="false" />
62-->src/main/AndroidManifest.xml:22:68-89
63        </activity>
64
65        <meta-data
65-->src/main/AndroidManifest.xml:25:5-69
66            android:name="unity.splash-mode"
66-->src/main/AndroidManifest.xml:25:16-48
67            android:value="0" />
67-->src/main/AndroidManifest.xml:25:49-66
68        <meta-data
68-->src/main/AndroidManifest.xml:26:5-74
69            android:name="unity.splash-enable"
69-->src/main/AndroidManifest.xml:26:16-50
70            android:value="True" />
70-->src/main/AndroidManifest.xml:26:51-71
71        <meta-data
71-->src/main/AndroidManifest.xml:27:5-101
72            android:name="unity.build-id"
72-->src/main/AndroidManifest.xml:27:16-45
73            android:value="afde4b61-457c-4b6b-a856-2079100ef280" />
73-->src/main/AndroidManifest.xml:27:46-98
74    </application>
75
76</manifest>